#
# There is insufficient memory for the Java Runtime Environment to continue.
# Native memory allocation (malloc) failed to allocate 1090416 bytes for Chunk::new
# Possible reasons:
#   The system is out of physical RAM or swap space
#   In 32 bit mode, the process size limit was hit
# Possible solutions:
#   Reduce memory load on the system
#   Increase physical memory or swap space
#   Check if swap backing store is full
#   Use 64 bit Java on a 64 bit OS
#   Decrease Java heap size (-Xmx/-Xms)
#   Decrease number of Java threads
#   Decrease Java thread stack sizes (-Xss)
#   Set larger code cache with -XX:ReservedCodeCacheSize=
# This output file may be truncated or incomplete.
#
#  Out of Memory Error (allocation.cpp:390), pid=7712, tid=0x0000000000001708
#
# JRE version: OpenJDK Runtime Environment (8.0_152-b06) (build 1.8.0_152-release-1136-b06)
# Java VM: OpenJDK 64-Bit Server VM (25.152-b06 mixed mode windows-amd64 compressed oops)
# Failed to write core dump. Minidumps are not enabled by default on client versions of Windows
#

---------------  T H R E A D  ---------------

Current thread (0x0000000018323000):  JavaThread "C2 CompilerThread1" daemon [_thread_in_native, id=5896, stack(0x0000000018bf0000,0x0000000018cf0000)]

Stack: [0x0000000018bf0000,0x0000000018cf0000]
[error occurred during error reporting (printing stack bounds), id 0xc0000005]

Native frames: (J=compiled Java code, j=interpreted, Vv=VM code, C=native code)


Current CompileTask:
C2:5465211 30112       4       com.android.tools.r8.dex.VirtualFile$IndexedItemTransaction::addProto (17 bytes)


---------------  P R O C E S S  ---------------

Java Threads: ( => current thread )
  0x000000001c663000 JavaThread "ForkJoinPool-132-worker-0" daemon [_thread_in_Java, id=8452, stack(0x0000000075670000,0x0000000075770000)]
  0x000000001c667800 JavaThread "ForkJoinPool-132-worker-7" daemon [_thread_blocked, id=10732, stack(0x0000000075570000,0x0000000075670000)]
  0x000000001c662800 JavaThread "ForkJoinPool-132-worker-6" daemon [_thread_blocked, id=2496, stack(0x0000000075470000,0x0000000075570000)]
  0x000000001c665800 JavaThread "ForkJoinPool-132-worker-5" daemon [_thread_in_native, id=8116, stack(0x0000000075370000,0x0000000075470000)]
  0x000000001d1dd000 JavaThread "ForkJoinPool-132-worker-4" daemon [_thread_blocked, id=1584, stack(0x0000000075270000,0x0000000075370000)]
  0x000000001d1dc800 JavaThread "ForkJoinPool-132-worker-3" daemon [_thread_blocked, id=11120, stack(0x0000000075170000,0x0000000075270000)]
  0x000000001d1d9800 JavaThread "ForkJoinPool-132-worker-2" daemon [_thread_blocked, id=3264, stack(0x0000000075070000,0x0000000075170000)]
  0x000000001d1e0000 JavaThread "ForkJoinPool-132-worker-1" daemon [_thread_blocked, id=9260, stack(0x0000000074f70000,0x0000000075070000)]
  0x000000001d1da000 JavaThread "ForkJoinPool-131-worker-0" daemon [_thread_blocked, id=8232, stack(0x0000000074e70000,0x0000000074f70000)]
  0x000000001d1db800 JavaThread "ForkJoinPool-131-worker-7" daemon [_thread_blocked, id=10084, stack(0x0000000074d70000,0x0000000074e70000)]
  0x000000001d1de000 JavaThread "ForkJoinPool-131-worker-6" daemon [_thread_blocked, id=6612, stack(0x0000000074c70000,0x0000000074d70000)]
  0x000000001d1db000 JavaThread "ForkJoinPool-131-worker-5" daemon [_thread_blocked, id=10512, stack(0x0000000074b70000,0x0000000074c70000)]
  0x000000001c376800 JavaThread "ForkJoinPool-131-worker-4" daemon [_thread_blocked, id=3948, stack(0x0000000074a70000,0x0000000074b70000)]
  0x000000001c375800 JavaThread "ForkJoinPool-131-worker-3" daemon [_thread_blocked, id=6540, stack(0x0000000074970000,0x0000000074a70000)]
  0x000000001c375000 JavaThread "ForkJoinPool-131-worker-2" daemon [_thread_blocked, id=7396, stack(0x0000000074870000,0x0000000074970000)]
  0x000000001c373800 JavaThread "ForkJoinPool-131-worker-1" daemon [_thread_blocked, id=792, stack(0x0000000074770000,0x0000000074870000)]
  0x000000001c372000 JavaThread "ForkJoinPool.commonPool-worker-2" daemon [_thread_blocked, id=1352, stack(0x0000000074570000,0x0000000074670000)]
  0x000000001c369800 JavaThread "Cache worker for Java compile cache (C:\Users\michael\StudioProjects\CIS357-HW-5\.gradle\4.6\javaCompile)" [_thread_blocked, id=1264, stack(0x0000000074470000,0x0000000074570000)]
  0x000000001c370800 JavaThread "stdout" daemon [_thread_in_native, id=11972, stack(0x0000000074370000,0x0000000074470000)]
  0x000000001c369000 JavaThread "stderr" daemon [_thread_in_native, id=12124, stack(0x0000000074270000,0x0000000074370000)]
  0x000000001c36f800 JavaThread "stdout" daemon [_thread_in_native, id=2288, stack(0x0000000074170000,0x0000000074270000)]
  0x000000001c368000 JavaThread "stderr" daemon [_thread_in_native, id=9380, stack(0x0000000074070000,0x0000000074170000)]
  0x000000001a754800 JavaThread "stdout" daemon [_thread_in_native, id=4820, stack(0x0000000073f70000,0x0000000074070000)]
  0x000000001a757000 JavaThread "stderr" daemon [_thread_in_native, id=4376, stack(0x0000000073e70000,0x0000000073f70000)]
  0x000000001a755800 JavaThread "stdout" daemon [_thread_in_native, id=252, stack(0x0000000073d70000,0x0000000073e70000)]
  0x000000001a756000 JavaThread "stderr" daemon [_thread_in_native, id=2740, stack(0x0000000073c70000,0x0000000073d70000)]
  0x000000001a753000 JavaThread "stdout" daemon [_thread_in_native, id=6164, stack(0x0000000073b70000,0x0000000073c70000)]
  0x000000001a754000 JavaThread "stderr" daemon [_thread_in_native, id=7720, stack(0x0000000073a70000,0x0000000073b70000)]
  0x000000001a752800 JavaThread "stdout" daemon [_thread_in_native, id=12864, stack(0x0000000073970000,0x0000000073a70000)]
  0x000000001a74b000 JavaThread "stderr" daemon [_thread_in_native, id=8396, stack(0x0000000073870000,0x0000000073970000)]
  0x000000001a751000 JavaThread "stdout" daemon [_thread_in_native, id=1528, stack(0x0000000073770000,0x0000000073870000)]
  0x000000001a74f800 JavaThread "stderr" daemon [_thread_in_native, id=4216, stack(0x0000000073670000,0x0000000073770000)]
  0x000000001a749800 JavaThread "ForkJoinPool.commonPool-worker-0" daemon [_thread_blocked, id=12132, stack(0x0000000072af0000,0x0000000072bf0000)]
  0x00000000210c9800 JavaThread "ForkJoinPool.commonPool-worker-7" daemon [_thread_blocked, id=13656, stack(0x00000000729f0000,0x0000000072af0000)]
  0x00000000210c8800 JavaThread "ForkJoinPool.commonPool-worker-6" daemon [_thread_blocked, id=5776, stack(0x00000000728f0000,0x00000000729f0000)]
  0x00000000210c1000 JavaThread "ForkJoinPool.commonPool-worker-5" daemon [_thread_blocked, id=7944, stack(0x00000000727f0000,0x00000000728f0000)]
  0x00000000210c8000 JavaThread "ForkJoinPool.commonPool-worker-4" daemon [_thread_blocked, id=13116, stack(0x00000000726f0000,0x00000000727f0000)]
  0x00000000210c0800 JavaThread "pool-148-thread-1" [_thread_blocked, id=936, stack(0x00000000725f0000,0x00000000726f0000)]
  0x00000000210c7000 JavaThread "Task worker for ':' Thread 7" [_thread_blocked, id=10736, stack(0x00000000724f0000,0x00000000725f0000)]
  0x00000000210bf800 JavaThread "Task worker for ':' Thread 6" [_thread_blocked, id=12008, stack(0x00000000723f0000,0x00000000724f0000)]
  0x00000000210c6800 JavaThread "Task worker for ':' Thread 5" [_thread_blocked, id=11820, stack(0x00000000722f0000,0x00000000723f0000)]
  0x00000000210c5000 JavaThread "Task worker for ':' Thread 4" [_thread_blocked, id=3420, stack(0x00000000721f0000,0x00000000722f0000)]
  0x00000000210bd800 JavaThread "Task worker for ':' Thread 3" [_thread_blocked, id=8920, stack(0x00000000720f0000,0x00000000721f0000)]
  0x00000000210c4000 JavaThread "Task worker for ':' Thread 2" [_thread_blocked, id=2092, stack(0x0000000071ff0000,0x00000000720f0000)]
  0x00000000210c3800 JavaThread "Task worker for ':'" [_thread_blocked, id=12960, stack(0x0000000071ef0000,0x0000000071ff0000)]
  0x00000000210bc000 JavaThread "Cache worker for Build Output Cleanup Cache (C:\Users\michael\StudioProjects\CIS357-HW-5\.gradle\buildOutputCleanup)" [_thread_blocked, id=1552, stack(0x0000000071df0000,0x0000000071ef0000)]
  0x00000000210bf000 JavaThread "Cache worker for task history cache (C:\Users\michael\StudioProjects\CIS357-HW-5\.gradle\4.6\taskHistory)" [_thread_blocked, id=6148, stack(0x0000000071cf0000,0x0000000071df0000)]
  0x00000000210be000 JavaThread "Cache worker for file content cache (C:\Users\michael\StudioProjects\CIS357-HW-5\.gradle\4.6\fileContent)" [_thread_blocked, id=12136, stack(0x0000000071bf0000,0x0000000071cf0000)]
  0x00000000210bb000 JavaThread "Build operations Thread 8" [_thread_blocked, id=9972, stack(0x0000000071af0000,0x0000000071bf0000)]
  0x000000002f18d800 JavaThread "Build operations Thread 7" [_thread_blocked, id=10740, stack(0x00000000719f0000,0x0000000071af0000)]
  0x000000002f18c000 JavaThread "Build operations Thread 6" [_thread_blocked, id=7188, stack(0x00000000718f0000,0x00000000719f0000)]
  0x000000002f18b000 JavaThread "Build operations Thread 5" [_thread_blocked, id=9940, stack(0x00000000717f0000,0x00000000718f0000)]
  0x000000002f188000 JavaThread "Build operations Thread 4" [_thread_blocked, id=13200, stack(0x00000000716f0000,0x00000000717f0000)]
  0x000000002f18c800 JavaThread "Build operations Thread 3" [_thread_blocked, id=11880, stack(0x00000000715f0000,0x00000000716f0000)]
  0x000000002f187800 JavaThread "Build operations Thread 2" [_thread_blocked, id=4808, stack(0x00000000714f0000,0x00000000715f0000)]
  0x000000002f182000 JavaThread "Build operations" [_thread_blocked, id=3916, stack(0x00000000713f0000,0x00000000714f0000)]
  0x000000002f189000 JavaThread "Cache worker for Artifact transforms cache (C:\Users\michael\.gradle\caches\transforms-1)" [_thread_blocked, id=9452, stack(0x00000000712f0000,0x00000000713f0000)]
  0x000000002f185000 JavaThread "Cache worker for file hash cache (C:\Users\michael\StudioProjects\CIS357-HW-5\.gradle\4.6\fileHashes)" [_thread_blocked, id=10540, stack(0x00000000711f0000,0x00000000712f0000)]
  0x000000002f180000 JavaThread "Stdin handler" [_thread_blocked, id=11604, stack(0x00000000710f0000,0x00000000711f0000)]
  0x000000002f186000 JavaThread "Asynchronous log dispatcher for DefaultDaemonConnection: socket connection from /127.0.0.1:58594 to /127.0.0.1:52315" [_thread_blocked, id=13932, stack(0x0000000070ff0000,0x00000000710f0000)]
  0x000000002f183000 JavaThread "Cancel handler" [_thread_blocked, id=10396, stack(0x0000000070ef0000,0x0000000070ff0000)]
  0x000000002f183800 JavaThread "Handler for socket connection from /127.0.0.1:58594 to /127.0.0.1:52315" [_thread_in_native, id=12120, stack(0x0000000070df0000,0x0000000070ef0000)]
  0x00000000210ca000 JavaThread "ForkJoinPool.commonPool-worker-3" daemon [_thread_blocked, id=1468, stack(0x00000000709f0000,0x0000000070af0000)]
  0x000000001c66a000 JavaThread "Daemon worker Thread 20" [_thread_blocked, id=3068, stack(0x000000006f2f0000,0x000000006f3f0000)]
  0x000000001c667000 JavaThread "Daemon Thread 20" [_thread_blocked, id=2800, stack(0x000000006eff0000,0x000000006f0f0000)]
  0x000000001c36c800 JavaThread "pool-1-thread-1" [_thread_blocked, id=10460, stack(0x0000000027b10000,0x0000000027c10000)]
  0x000000001a74b800 JavaThread "Memory manager" [_thread_blocked, id=13140, stack(0x0000000022e80000,0x0000000022f80000)]
  0x000000001a497800 JavaThread "File lock request listener" [_thread_in_native, id=9576, stack(0x000000001bd40000,0x000000001be40000)]
  0x000000001a5b6800 JavaThread "Cache worker for file hash cache (C:\Users\michael\.gradle\caches\4.6\fileHashes)" [_thread_blocked, id=7900, stack(0x000000001ba40000,0x000000001bb40000)]
  0x000000001a14d800 JavaThread "Daemon periodic checks" [_thread_blocked, id=8044, stack(0x000000001b040000,0x000000001b140000)]
  0x000000001a191800 JavaThread "Incoming local TCP Connector on port 58594" [_thread_in_native, id=8272, stack(0x000000001ae00000,0x000000001af00000)]
  0x0000000018392800 JavaThread "Service Thread" daemon [_thread_blocked, id=11316, stack(0x0000000018ef0000,0x0000000018ff0000)]
  0x0000000018332000 JavaThread "C1 CompilerThread3" daemon [_thread_blocked, id=10796, stack(0x0000000018df0000,0x0000000018ef0000)]
  0x000000001642d000 JavaThread "C2 CompilerThread2" daemon [_thread_blocked, id=2348, stack(0x0000000018cf0000,0x0000000018df0000)]
=>0x0000000018323000 JavaThread "C2 CompilerThread1" daemon [_thread_in_native, id=5896, stack(0x0000000018bf0000,0x0000000018cf0000)]
  0x0000000018320000 JavaThread "C2 CompilerThread0" daemon [_thread_in_native, id=12872, stack(0x0000000018af0000,0x0000000018bf0000)]
  0x000000001831b000 JavaThread "Attach Listener" daemon [_thread_blocked, id=11712, stack(0x00000000189f0000,0x0000000018af0000)]
  0x0000000018325800 JavaThread "Signal Dispatcher" daemon [_thread_blocked, id=9448, stack(0x00000000188f0000,0x00000000189f0000)]
  0x0000000018310800 JavaThread "Finalizer" daemon [_thread_blocked, id=7436, stack(0x00000000186f0000,0x00000000187f0000)]
  0x000000001641a800 JavaThread "Reference Handler" daemon [_thread_blocked, id=6700, stack(0x00000000181f0000,0x00000000182f0000)]
  0x000000000240e800 JavaThread "main" [_thread_blocked, id=8248, stack(0x0000000002410000,0x0000000002510000)]

Other Threads:
  0x0000000016416800 VMThread [stack: 0x00000000180f0000,0x00000000181f0000] [id=5460]
  0x0000000018393000 WatcherThread [stack: 0x0000000018ff0000,0x00000000190f0000] [id=12108]

VM state:not at safepoint (normal execution)

VM Mutex/Monitor currently owned by a thread: None

Heap:
 PSYoungGen      total 459264K, used 188954K [0x00000000e0000000, 0x00000000fee80000, 0x0000000100000000)
  eden space 427520K, 36% used [0x00000000e0000000,0x00000000e998b048,0x00000000fa180000)
  from space 31744K, 99% used [0x00000000fa280000,0x00000000fc17bb48,0x00000000fc180000)
  to   space 39424K, 0% used [0x00000000fc800000,0x00000000fc800000,0x00000000fee80000)
 ParOldGen       total 194560K, used 93702K [0x00000000a0000000, 0x00000000abe00000, 0x00000000e0000000)
  object space 194560K, 48% used [0x00000000a0000000,0x00000000a5b81b98,0x00000000abe00000)
 Metaspace       used 100955K, capacity 108374K, committed 108504K, reserved 1144832K
  class space    used 12661K, capacity 14028K, committed 14080K, reserved 1048576K

Card table byte_map: [0x0000000011a00000,0x0000000011d10000] byte_map_base: 0x0000000011500000

Marking Bits: (ParMarkBitMap*) 0x00000000734e5aa0
 Begin Bits: [0x0000000012710000, 0x0000000013f10000)
 End Bits:   [0x0000000013f10000, 0x0000000015710000)

Polling page: 0x00000000023f0000

CodeCache: size=245760Kb used=84115Kb max_used=84126Kb free=161644Kb
 bounds [0x0000000002640000, 0x00000000078f0000, 0x0000000011640000]
 total_blobs=23772 nmethods=22884 adapters=797
 compilation: enabled

Compilation events (10 events):
Event: 5464.396 Thread 0x0000000018332000 30208       3       com.android.tools.r8.code.Format51l::<init> (20 bytes)
Event: 5464.396 Thread 0x0000000018332000 nmethod 30208 0x00000000078e8c90 code [0x00000000078e8e80, 0x00000000078e9658]
Event: 5464.397 Thread 0x0000000018320000 nmethod 30221 0x00000000078e2a10 code [0x00000000078e2b60, 0x00000000078e2c98]
Event: 5464.397 Thread 0x0000000018320000 30222       4       com.android.tools.r8.dex.FileWriter::writeMemberAnnotations (68 bytes)
Event: 5464.397 Thread 0x0000000018332000 30223       3       com.android.tools.r8.code.CmpLong::<init> (7 bytes)
Event: 5464.397 Thread 0x0000000018332000 nmethod 30223 0x00000000078e8210 code [0x00000000078e83c0, 0x00000000078e88b8]
Event: 5464.398 Thread 0x0000000018332000 30225       3       com.android.tools.r8.graph.DexEncodedArray::hashCode (8 bytes)
Event: 5464.398 Thread 0x0000000018332000 nmethod 30225 0x0000000007855a50 code [0x0000000007855bc0, 0x0000000007855d48]
Event: 5464.404 Thread 0x0000000018332000 30227       3       com.android.tools.r8.code.IfGez::<init> (7 bytes)
Event: 5464.405 Thread 0x0000000018332000 nmethod 30227 0x00000000078e7910 code [0x00000000078e7aa0, 0x00000000078e7ec8]

GC Heap History (10 events):
Event: 4710.263 GC heap before
{Heap before GC invocations=39 (full 4):
 PSYoungGen      total 489984K, used 480771K [0x00000000e0000000, 0x0000000100000000, 0x0000000100000000)
  eden space 456704K, 100% used [0x00000000e0000000,0x00000000fbe00000,0x00000000fbe00000)
  from space 33280K, 72% used [0x00000000fdf80000,0x00000000ff700d30,0x0000000100000000)
  to   space 33792K, 0% used [0x00000000fbe00000,0x00000000fbe00000,0x00000000fdf00000)
 ParOldGen       total 194560K, used 76758K [0x00000000a0000000, 0x00000000abe00000, 0x00000000e0000000)
  object space 194560K, 39% used [0x00000000a0000000,0x00000000a4af59d0,0x00000000abe00000)
 Metaspace       used 100443K, capacity 107682K, committed 107992K, reserved 1142784K
  class space    used 12633K, capacity 13992K, committed 14080K, reserved 1048576K
Event: 4710.283 GC heap after
Heap after GC invocations=39 (full 4):
 PSYoungGen      total 481280K, used 24462K [0x00000000e0000000, 0x0000000100000000, 0x0000000100000000)
  eden space 456704K, 0% used [0x00000000e0000000,0x00000000e0000000,0x00000000fbe00000)
  from space 24576K, 99% used [0x00000000fbe00000,0x00000000fd5e3bf0,0x00000000fd600000)
  to   space 34304K, 0% used [0x00000000fde80000,0x00000000fde80000,0x0000000100000000)
 ParOldGen       total 194560K, used 76766K [0x00000000a0000000, 0x00000000abe00000, 0x00000000e0000000)
  object space 194560K, 39% used [0x00000000a0000000,0x00000000a4af79d0,0x00000000abe00000)
 Metaspace       used 100443K, capacity 107682K, committed 107992K, reserved 1142784K
  class space    used 12633K, capacity 13992K, committed 14080K, reserved 1048576K
}
Event: 4941.139 GC heap before
{Heap before GC invocations=40 (full 4):
 PSYoungGen      total 481280K, used 481166K [0x00000000e0000000, 0x0000000100000000, 0x0000000100000000)
  eden space 456704K, 100% used [0x00000000e0000000,0x00000000fbe00000,0x00000000fbe00000)
  from space 24576K, 99% used [0x00000000fbe00000,0x00000000fd5e3bf0,0x00000000fd600000)
  to   space 34304K, 0% used [0x00000000fde80000,0x00000000fde80000,0x0000000100000000)
 ParOldGen       total 194560K, used 76766K [0x00000000a0000000, 0x00000000abe00000, 0x00000000e0000000)
  object space 194560K, 39% used [0x00000000a0000000,0x00000000a4af79d0,0x00000000abe00000)
 Metaspace       used 100502K, capacity 107752K, committed 107992K, reserved 1142784K
  class space    used 12635K, capacity 13993K, committed 14080K, reserved 1048576K
Event: 4941.160 GC heap after
Heap after GC invocations=40 (full 4):
 PSYoungGen      total 491008K, used 16521K [0x00000000e0000000, 0x0000000100000000, 0x0000000100000000)
  eden space 456704K, 0% used [0x00000000e0000000,0x00000000e0000000,0x00000000fbe00000)
  from space 34304K, 48% used [0x00000000fde80000,0x00000000feea2600,0x0000000100000000)
  to   space 33280K, 0% used [0x00000000fbe00000,0x00000000fbe00000,0x00000000fde80000)
 ParOldGen       total 194560K, used 79287K [0x00000000a0000000, 0x00000000abe00000, 0x00000000e0000000)
  object space 194560K, 40% used [0x00000000a0000000,0x00000000a4d6df10,0x00000000abe00000)
 Metaspace       used 100502K, capacity 107752K, committed 107992K, reserved 1142784K
  class space    used 12635K, capacity 13993K, committed 14080K, reserved 1048576K
}
Event: 5316.626 GC heap before
{Heap before GC invocations=41 (full 4):
 PSYoungGen      total 491008K, used 472555K [0x00000000e0000000, 0x0000000100000000, 0x0000000100000000)
  eden space 456704K, 99% used [0x00000000e0000000,0x00000000fbd588c8,0x00000000fbe00000)
  from space 34304K, 48% used [0x00000000fde80000,0x00000000feea2600,0x0000000100000000)
  to   space 33280K, 0% used [0x00000000fbe00000,0x00000000fbe00000,0x00000000fde80000)
 ParOldGen       total 194560K, used 79287K [0x00000000a0000000, 0x00000000abe00000, 0x00000000e0000000)
  object space 194560K, 40% used [0x00000000a0000000,0x00000000a4d6df10,0x00000000abe00000)
 Metaspace       used 100714K, capacity 108090K, committed 108248K, reserved 1142784K
  class space    used 12655K, capacity 14026K, committed 14080K, reserved 1048576K
Event: 5316.648 GC heap after
Heap after GC invocations=41 (full 4):
 PSYoungGen      total 458240K, used 19777K [0x00000000e0000000, 0x00000000feb00000, 0x0000000100000000)
  eden space 438272K, 0% used [0x00000000e0000000,0x00000000e0000000,0x00000000fac00000)
  from space 19968K, 99% used [0x00000000fbe00000,0x00000000fd1507b0,0x00000000fd180000)
  to   space 26112K, 0% used [0x00000000fd180000,0x00000000fd180000,0x00000000feb00000)
 ParOldGen       total 194560K, used 79802K [0x00000000a0000000, 0x00000000abe00000, 0x00000000e0000000)
  object space 194560K, 41% used [0x00000000a0000000,0x00000000a4deea18,0x00000000abe00000)
 Metaspace       used 100714K, capacity 108090K, committed 108248K, reserved 1142784K
  class space    used 12655K, capacity 14026K, committed 14080K, reserved 1048576K
}
Event: 5452.620 GC heap before
{Heap before GC invocations=42 (full 4):
 PSYoungGen      total 458240K, used 458049K [0x00000000e0000000, 0x00000000feb00000, 0x0000000100000000)
  eden space 438272K, 100% used [0x00000000e0000000,0x00000000fac00000,0x00000000fac00000)
  from space 19968K, 99% used [0x00000000fbe00000,0x00000000fd1507b0,0x00000000fd180000)
  to   space 26112K, 0% used [0x00000000fd180000,0x00000000fd180000,0x00000000feb00000)
 ParOldGen       total 194560K, used 79802K [0x00000000a0000000, 0x00000000abe00000, 0x00000000e0000000)
  object space 194560K, 41% used [0x00000000a0000000,0x00000000a4deea18,0x00000000abe00000)
 Metaspace       used 100864K, capacity 108302K, committed 108504K, reserved 1144832K
  class space    used 12656K, capacity 14028K, committed 14080K, reserved 1048576K
Event: 5452.638 GC heap after
Heap after GC invocations=42 (full 4):
 PSYoungGen      total 436224K, used 15037K [0x00000000e0000000, 0x00000000fe080000, 0x0000000100000000)
  eden space 420864K, 0% used [0x00000000e0000000,0x00000000e0000000,0x00000000f9b00000)
  from space 15360K, 97% used [0x00000000fd180000,0x00000000fe02f738,0x00000000fe080000)
  to   space 31744K, 0% used [0x00000000fa280000,0x00000000fa280000,0x00000000fc180000)
 ParOldGen       total 194560K, used 81633K [0x00000000a0000000, 0x00000000abe00000, 0x00000000e0000000)
  object space 194560K, 41% used [0x00000000a0000000,0x00000000a4fb8480,0x00000000abe00000)
 Metaspace       used 100864K, capacity 108302K, committed 108504K, reserved 1144832K
  class space    used 12656K, capacity 14028K, committed 14080K, reserved 1048576K
}
Event: 5463.556 GC heap before
{Heap before GC invocations=43 (full 4):
 PSYoungGen      total 436224K, used 435901K [0x00000000e0000000, 0x00000000fe080000, 0x0000000100000000)
  eden space 420864K, 100% used [0x00000000e0000000,0x00000000f9b00000,0x00000000f9b00000)
  from space 15360K, 97% used [0x00000000fd180000,0x00000000fe02f738,0x00000000fe080000)
  to   space 31744K, 0% used [0x00000000fa280000,0x00000000fa280000,0x00000000fc180000)
 ParOldGen       total 194560K, used 81633K [0x00000000a0000000, 0x00000000abe00000, 0x00000000e0000000)
  object space 194560K, 41% used [0x00000000a0000000,0x00000000a4fb8480,0x00000000abe00000)
 Metaspace       used 100947K, capacity 108310K, committed 108504K, reserved 1144832K
  class space    used 12661K, capacity 14028K, committed 14080K, reserved 1048576K
Event: 5463.608 GC heap after
Heap after GC invocations=43 (full 4):
 PSYoungGen      total 459264K, used 31726K [0x00000000e0000000, 0x00000000fee80000, 0x0000000100000000)
  eden space 427520K, 0% used [0x00000000e0000000,0x00000000e0000000,0x00000000fa180000)
  from space 31744K, 99% used [0x00000000fa280000,0x00000000fc17bb48,0x00000000fc180000)
  to   space 39424K, 0% used [0x00000000fc800000,0x00000000fc800000,0x00000000fee80000)
 ParOldGen       total 194560K, used 93702K [0x00000000a0000000, 0x00000000abe00000, 0x00000000e0000000)
  object space 194560K, 48% used [0x00000000a0000000,0x00000000a5b81b98,0x00000000abe00000)
 Metaspace       used 100947K, capacity 108310K, committed 108504K, reserved 1144832K
  class space    used 12661K, capacity 14028K, committed 14080K, reserved 1048576K
}

Deoptimization events (10 events):
Event: 5463.632 Thread 0x000000001c373800 Uncommon trap: reason=unstable_if action=reinterpret pc=0x000000000768ccf8 method=com.android.tools.r8.graph.DexMethod.computeEquals(Ljava/lang/Object;)Z @ 51
Event: 5463.797 Thread 0x00000000210c6800 Uncommon trap: reason=class_check action=maybe_recompile pc=0x00000000075c36e4 method=com.android.tools.r8.code.Format35c.collectIndexedItems(Lcom/android/tools/r8/dex/IndexedItemCollection;Lcom/android/tools/r8/graph/DexMethod;I)V @ 7
Event: 5463.797 Thread 0x00000000210c6800 Uncommon trap: reason=class_check action=maybe_recompile pc=0x00000000075c36e4 method=com.android.tools.r8.code.Format35c.collectIndexedItems(Lcom/android/tools/r8/dex/IndexedItemCollection;Lcom/android/tools/r8/graph/DexMethod;I)V @ 7
Event: 5463.797 Thread 0x00000000210c6800 Uncommon trap: reason=class_check action=maybe_recompile pc=0x00000000075c36e4 method=com.android.tools.r8.code.Format35c.collectIndexedItems(Lcom/android/tools/r8/dex/IndexedItemCollection;Lcom/android/tools/r8/graph/DexMethod;I)V @ 7
Event: 5463.797 Thread 0x00000000210c6800 Uncommon trap: reason=class_check action=maybe_recompile pc=0x00000000075c36e4 method=com.android.tools.r8.code.Format35c.collectIndexedItems(Lcom/android/tools/r8/dex/IndexedItemCollection;Lcom/android/tools/r8/graph/DexMethod;I)V @ 7
Event: 5463.928 Thread 0x000000001d1da000 Uncommon trap: reason=class_check action=maybe_recompile pc=0x0000000007849e68 method=com.android.tools.r8.graph.ParameterAnnotationsList.collectMixedSectionItems(Lcom/android/tools/r8/dex/MixedSectionCollection;)V @ 10
Event: 5463.928 Thread 0x000000001d1da000 Uncommon trap: reason=class_check action=maybe_recompile pc=0x0000000007849e68 method=com.android.tools.r8.graph.ParameterAnnotationsList.collectMixedSectionItems(Lcom/android/tools/r8/dex/MixedSectionCollection;)V @ 10
Event: 5463.928 Thread 0x000000001d1da000 Uncommon trap: reason=class_check action=maybe_recompile pc=0x0000000007849e68 method=com.android.tools.r8.graph.ParameterAnnotationsList.collectMixedSectionItems(Lcom/android/tools/r8/dex/MixedSectionCollection;)V @ 10
Event: 5463.928 Thread 0x000000001d1da000 Uncommon trap: reason=class_check action=maybe_recompile pc=0x0000000007849e68 method=com.android.tools.r8.graph.ParameterAnnotationsList.collectMixedSectionItems(Lcom/android/tools/r8/dex/MixedSectionCollection;)V @ 10
Event: 5464.051 Thread 0x000000001d1da000 Uncommon trap: reason=unstable_if action=reinterpret pc=0x00000000033000a0 method=com.android.tools.r8.dex.DexOutputBuffer.ensureSpaceFor(I)V @ 8

Classes redefined (0 events):
No events

Internal exceptions (10 events):
Event: 5463.020 Thread 0x00000000210c8800 Exception <a 'sun/nio/fs/WindowsException'> (0x00000000f6d435d8) thrown at [D:\src\AOSP-openjdk-cygwin\jdk8u\hotspot\src\share\vm\prims\jni.cpp, line 709]
Event: 5463.028 Thread 0x00000000210c8800 Exception <a 'sun/nio/fs/WindowsException'> (0x00000000f6d4a470) thrown at [D:\src\AOSP-openjdk-cygwin\jdk8u\hotspot\src\share\vm\prims\jni.cpp, line 709]
Event: 5463.036 Thread 0x00000000210c8800 Exception <a 'sun/nio/fs/WindowsException'> (0x00000000f6d4f8b0) thrown at [D:\src\AOSP-openjdk-cygwin\jdk8u\hotspot\src\share\vm\prims\jni.cpp, line 709]
Event: 5463.045 Thread 0x00000000210c8800 Exception <a 'sun/nio/fs/WindowsException'> (0x00000000f6d54e58) thrown at [D:\src\AOSP-openjdk-cygwin\jdk8u\hotspot\src\share\vm\prims\jni.cpp, line 709]
Event: 5463.054 Thread 0x00000000210c8800 Exception <a 'sun/nio/fs/WindowsException'> (0x00000000f6d63928) thrown at [D:\src\AOSP-openjdk-cygwin\jdk8u\hotspot\src\share\vm\prims\jni.cpp, line 709]
Event: 5463.497 Thread 0x00000000210c6800 Exception <a 'sun/nio/fs/WindowsException'> (0x00000000f820cc38) thrown at [D:\src\AOSP-openjdk-cygwin\jdk8u\hotspot\src\share\vm\prims\jni.cpp, line 709]
Event: 5464.205 Thread 0x000000001d1da000 Exception <a 'sun/nio/fs/WindowsException'> (0x00000000e66a7928) thrown at [D:\src\AOSP-openjdk-cygwin\jdk8u\hotspot\src\share\vm\prims\jni.cpp, line 709]
Event: 5464.325 Thread 0x000000001d1d9800 Exception <a 'sun/nio/fs/WindowsException'> (0x00000000e6b9a040) thrown at [D:\src\AOSP-openjdk-cygwin\jdk8u\hotspot\src\share\vm\prims\jni.cpp, line 709]
Event: 5464.338 Thread 0x000000001d1e0000 Exception <a 'sun/nio/fs/WindowsException'> (0x00000000e7983ee8) thrown at [D:\src\AOSP-openjdk-cygwin\jdk8u\hotspot\src\share\vm\prims\jni.cpp, line 709]
Event: 5464.401 Thread 0x000000001c665800 Exception <a 'sun/nio/fs/WindowsException'> (0x00000000e96dae40) thrown at [D:\src\AOSP-openjdk-cygwin\jdk8u\hotspot\src\share\vm\prims\jni.cpp, line 709]

Events (10 events):
Event: 5464.360 Executing VM operation: RevokeBias
Event: 5464.361 Executing VM operation: RevokeBias done
Event: 5464.361 Executing VM operation: RevokeBias
Event: 5464.361 Executing VM operation: RevokeBias done
Event: 5464.362 Executing VM operation: RevokeBias
Event: 5464.362 Executing VM operation: RevokeBias done
Event: 5464.362 Thread 0x000000001d1dd000 DEOPT PACKING pc=0x0000000005348f9c sp=0x000000007536e940
Event: 5464.362 Thread 0x000000001d1dd000 DEOPT UNPACKING pc=0x00000000026875d0 sp=0x000000007536e6f8 mode 0
Event: 5464.362 Executing VM operation: RevokeBias
Event: 5464.363 Executing VM operation: RevokeBias done


Dynamic libraries:
0x00007ff753900000 - 0x00007ff753931000 	C:\Program Files\Android\Android Studio\jre\bin\java.exe
0x00007ffd7b030000 - 0x00007ffd7b211000 	C:\WINDOWS\SYSTEM32\ntdll.dll
0x00007ffd78a10000 - 0x00007ffd78ac2000 	C:\WINDOWS\System32\KERNEL32.DLL
0x00007ffd77cb0000 - 0x00007ffd77f23000 	C:\WINDOWS\System32\KERNELBASE.dll
0x00007ffd78570000 - 0x00007ffd78611000 	C:\WINDOWS\System32\ADVAPI32.dll
0x00007ffd78e60000 - 0x00007ffd78efe000 	C:\WINDOWS\System32\msvcrt.dll
0x00007ffd79420000 - 0x00007ffd7947b000 	C:\WINDOWS\System32\sechost.dll
0x00007ffd7ad10000 - 0x00007ffd7ae34000 	C:\WINDOWS\System32\RPCRT4.dll
0x00007ffd78880000 - 0x00007ffd78a10000 	C:\WINDOWS\System32\USER32.dll
0x00007ffd78220000 - 0x00007ffd78240000 	C:\WINDOWS\System32\win32u.dll
0x00007ffd7ae40000 - 0x00007ffd7ae68000 	C:\WINDOWS\System32\GDI32.dll
0x00007ffd77b10000 - 0x00007ffd77ca2000 	C:\WINDOWS\System32\gdi32full.dll
0x00007ffd78420000 - 0x00007ffd784bf000 	C:\WINDOWS\System32\msvcp_win.dll
0x00007ffd782a0000 - 0x00007ffd7839a000 	C:\WINDOWS\System32\ucrtbase.dll
0x00007ffd6d700000 - 0x00007ffd6d969000 	C:\WINDOWS\WinSxS\amd64_microsoft.windows.common-controls_6595b64144ccf1df_6.0.17134.286_none_fb43982d306480cc\COMCTL32.dll
0x00007ffd78ad0000 - 0x00007ffd78df3000 	C:\WINDOWS\System32\combase.dll
0x00007ffd783a0000 - 0x00007ffd7841a000 	C:\WINDOWS\System32\bcryptPrimitives.dll
0x00007ffd7aed0000 - 0x00007ffd7aefd000 	C:\WINDOWS\System32\IMM32.DLL
0x0000000072c40000 - 0x0000000072d12000 	C:\Program Files\Android\Android Studio\jre\jre\bin\msvcr100.dll
0x0000000072d20000 - 0x0000000073561000 	C:\Program Files\Android\Android Studio\jre\jre\bin\server\jvm.dll
0x00007ffd79380000 - 0x00007ffd79388000 	C:\WINDOWS\System32\PSAPI.DLL
0x00007ffd6dcb0000 - 0x00007ffd6dcba000 	C:\WINDOWS\SYSTEM32\VERSION.dll
0x00007ffd6d300000 - 0x00007ffd6d323000 	C:\WINDOWS\SYSTEM32\WINMM.dll
0x00007ffd6b630000 - 0x00007ffd6b639000 	C:\WINDOWS\SYSTEM32\WSOCK32.dll
0x00007ffd7af90000 - 0x00007ffd7affc000 	C:\WINDOWS\System32\WS2_32.dll
0x00007ffd6d240000 - 0x00007ffd6d26a000 	C:\WINDOWS\SYSTEM32\WINMMBASE.dll
0x00007ffd781d0000 - 0x00007ffd78219000 	C:\WINDOWS\System32\cfgmgr32.dll
0x00007ffd75330000 - 0x00007ffd7533f000 	C:\Program Files\Android\Android Studio\jre\jre\bin\verify.dll
0x00007ffd67220000 - 0x00007ffd67249000 	C:\Program Files\Android\Android Studio\jre\jre\bin\java.dll
0x00007ffd72f80000 - 0x00007ffd72f96000 	C:\Program Files\Android\Android Studio\jre\jre\bin\zip.dll
0x00007ffd79480000 - 0x00007ffd7a8c0000 	C:\WINDOWS\System32\SHELL32.dll
0x00007ffd784c0000 - 0x00007ffd78569000 	C:\WINDOWS\System32\shcore.dll
0x00007ffd77400000 - 0x00007ffd77b0d000 	C:\WINDOWS\System32\windows.storage.dll
0x00007ffd78e00000 - 0x00007ffd78e51000 	C:\WINDOWS\System32\shlwapi.dll
0x00007ffd773c0000 - 0x00007ffd773d1000 	C:\WINDOWS\System32\kernel.appcore.dll
0x00007ffd773a0000 - 0x00007ffd773bf000 	C:\WINDOWS\System32\profapi.dll
0x00007ffd77350000 - 0x00007ffd7739c000 	C:\WINDOWS\System32\powrprof.dll
0x00007ffd77340000 - 0x00007ffd7734a000 	C:\WINDOWS\System32\FLTLIB.DLL
0x00007ffd71950000 - 0x00007ffd7196a000 	C:\Program Files\Android\Android Studio\jre\jre\bin\net.dll
0x00007ffd76bc0000 - 0x00007ffd76c26000 	C:\WINDOWS\system32\mswsock.dll
0x00007ffd67370000 - 0x00007ffd67381000 	C:\Program Files\Android\Android Studio\jre\jre\bin\nio.dll
0x00007ffd673d0000 - 0x00007ffd673ee000 	C:\Users\michael\.gradle\native\25\windows-amd64\native-platform.dll
0x00007ffd751f0000 - 0x00007ffd751fd000 	C:\Program Files\Android\Android Studio\jre\jre\bin\management.dll
0x00007ffd76d70000 - 0x00007ffd76d87000 	C:\WINDOWS\SYSTEM32\CRYPTSP.dll
0x00007ffd767a0000 - 0x00007ffd767d3000 	C:\WINDOWS\system32\rsaenh.dll
0x00007ffd76ea0000 - 0x00007ffd76ec5000 	C:\WINDOWS\SYSTEM32\bcrypt.dll
0x00007ffd77270000 - 0x00007ffd77298000 	C:\WINDOWS\SYSTEM32\USERENV.dll
0x00007ffd76d90000 - 0x00007ffd76d9b000 	C:\WINDOWS\SYSTEM32\CRYPTBASE.dll
0x00007ffd76940000 - 0x00007ffd76978000 	C:\WINDOWS\SYSTEM32\IPHLPAPI.DLL
0x00007ffd79390000 - 0x00007ffd79398000 	C:\WINDOWS\System32\NSI.dll
0x00007ffd71ee0000 - 0x00007ffd71ef6000 	C:\WINDOWS\SYSTEM32\dhcpcsvc6.DLL
0x00007ffd720e0000 - 0x00007ffd720fa000 	C:\WINDOWS\SYSTEM32\dhcpcsvc.DLL
0x00007ffd76430000 - 0x00007ffd76461000 	C:\WINDOWS\SYSTEM32\ntmarta.dll

VM Arguments:
jvm_args: -Xmx1536m -Dfile.encoding=windows-1252 -Duser.country=US -Duser.language=en -Duser.variant 
java_command: org.gradle.launcher.daemon.bootstrap.GradleDaemon 4.6
java_class_path (initial): C:\Users\michael\.gradle\wrapper\dists\gradle-4.6-all\bcst21l2brirad8k2ben1letg\gradle-4.6\lib\gradle-launcher-4.6.jar
Launcher Type: SUN_STANDARD

Environment Variables:
PATH=C:\ProgramData\Oracle\Java\javapath;C:\Program Files (x86)\Intel\iCLS Client\;C:\Program Files\Intel\iCLS Client\;C:\Windows\system32;C:\Windows;C:\Windows\System32\Wbem;C:\Windows\System32\WindowsPowerShell\v1.0\;C:\Program Files\Intel\Intel(R) Management Engine Components\DAL;C:\Program Files\Intel\Intel(R) Management Engine Components\IPT;C:\Program Files (x86)\Intel\Intel(R) Management Engine Components\DAL;C:\Program Files (x86)\Intel\Intel(R) Management Engine Components\IPT;C:\Program Files (x86)\Windows Live\Shared;C:\Program Files (x86)\NVIDIA Corporation\PhysX\Common;C:\WINDOWS\system32;C:\WINDOWS;C:\WINDOWS\System32\Wbem;C:\WINDOWS\System32\WindowsPowerShell\v1.0\;C:\Program Files (x86)\QuickTime\QTSystem\;C:\Program Files (x86)\Skype\Phone\;C:\Program Files\PuTTY\;C:\Program Files\Git\cmd;C:\WINDOWS\System32\OpenSSH\;C:\Users\michael\Anaconda3;C:\Users\michael\Anaconda3\Scripts;C:\Users\michael\Anaconda3\Library\bin;C:\Users\michael\AppData\Local\Microsoft\WindowsApps;
USERNAME=michael
OS=Windows_NT
PROCESSOR_IDENTIFIER=Intel64 Family 6 Model 60 Stepping 3, GenuineIntel



---------------  S Y S T E M  ---------------

OS: Windows 10.0 , 64 bit Build 17134 (10.0.17134.1)

CPU:total 8 (initial active 8) (4 cores per cpu, 2 threads per core) family 6 model 60 stepping 3, cmov, cx8, fxsr, mmx, sse, sse2, sse3, ssse3, sse4.1, sse4.2, popcnt, avx, avx2, aes, clmul, erms, lzcnt, ht, tsc, tscinvbit, bmi1, bmi2

Memory: 4k page, physical 8310872k(1352736k free), swap 10266712k(6036k free)

vm_info: OpenJDK 64-Bit Server VM (25.152-b06) for windows-amd64 JRE (1.8.0_152-release-1136-b06), built by "builder" with MS VC++ 10.0 (VS2010)

time: Wed Oct 10 21:24:42 2018
elapsed time: 5464 seconds (0d 1h 31m 4s)

